skWeiChatBaidu/build/intermediates/manifest_merge_blame_file/release/manifest-merger-blame-release-report.txt
1<?xml version="1.0" encoding="utf-8"?>
2<manifest xmlns:android="http://schemas.android.com/apk/res/android"
3    package="com.ouxin.chat"
4    android:versionCode="34"
5    android:versionName="1.4.7" >
6
7    <uses-sdk
8        android:minSdkVersion="21"
8-->src\main\AndroidManifest.xml
9        android:targetSdkVersion="26" />
9-->src\main\AndroidManifest.xml
10
11    <uses-permission android:name="android.permission.INTERNET" />
11-->src\main\AndroidManifest.xml:6:5-67
11-->src\main\AndroidManifest.xml:6:22-64
12    <uses-permission android:name="android.permission.ACCESS_NETWORK_STATE" />
12-->src\main\AndroidManifest.xml:7:5-79
12-->src\main\AndroidManifest.xml:7:22-76
13    <uses-permission android:name="android.permission.ACCESS_WIFI_STATE" />
13-->src\main\AndroidManifest.xml:8:5-76
13-->src\main\AndroidManifest.xml:8:22-73
14    <uses-permission android:name="android.permission.READ_PHONE_STATE" />
14-->src\main\AndroidManifest.xml:9:5-75
14-->src\main\AndroidManifest.xml:9:22-72
15    <uses-permission android:name="android.permission.GET_TASKS" />
15-->src\main\AndroidManifest.xml:10:5-68
15-->src\main\AndroidManifest.xml:10:22-65
16    <uses-permission android:name="android.permission.VIBRATE" />
16-->src\main\AndroidManifest.xml:11:5-66
16-->src\main\AndroidManifest.xml:11:22-63
17
18    <uses-feature android:name="android.hardware.camera" />
18-->src\main\AndroidManifest.xml:13:5-60
18-->src\main\AndroidManifest.xml:13:19-57
19    <uses-feature android:name="android.hardware.camera.autofocus" />
19-->src\main\AndroidManifest.xml:14:5-70
19-->src\main\AndroidManifest.xml:14:19-67
20    <uses-feature android:name="android.hardware.microphone" />
20-->src\main\AndroidManifest.xml:15:5-64
20-->src\main\AndroidManifest.xml:15:19-61
21
22    <uses-permission android:name="android.permission.FOREGROUND_SERVICE" />
22-->src\main\AndroidManifest.xml:17:5-77
22-->src\main\AndroidManifest.xml:17:22-74
23    <uses-permission android:name="com.android.launcher.permission.READ_SETTINGS" />
23-->src\main\AndroidManifest.xml:18:5-85
23-->src\main\AndroidManifest.xml:18:22-82
24    <uses-permission android:name="android.permission.KILL_BACKGROUND_PROCESSES" />
24-->src\main\AndroidManifest.xml:19:5-84
24-->src\main\AndroidManifest.xml:19:22-81
25    <uses-permission android:name="android.permission.WAKE_LOCK" />
25-->src\main\AndroidManifest.xml:20:5-68
25-->src\main\AndroidManifest.xml:20:22-65
26    <uses-permission android:name="android.permission.REORDER_TASKS" />
26-->src\main\AndroidManifest.xml:21:5-72
26-->src\main\AndroidManifest.xml:21:22-69
27    <uses-permission android:name="android.permission.RECORD_VIDEO" />
27-->src\main\AndroidManifest.xml:22:5-71
27-->src\main\AndroidManifest.xml:22:22-68
28    <uses-permission android:name="android.permission.RECORD_AUDIO" />
28-->src\main\AndroidManifest.xml:23:5-71
28-->src\main\AndroidManifest.xml:23:22-68
29    <uses-permission android:name="android.permission.CAMERA" />
29-->src\main\AndroidManifest.xml:24:5-65
29-->src\main\AndroidManifest.xml:24:22-62
30    <uses-permission android:name="android.permission.CHANGE_WIFI_STATE" />
30-->src\main\AndroidManifest.xml:25:5-76
30-->src\main\AndroidManifest.xml:25:22-73
31    <uses-permission android:name="android.permission.WRITE_EXTERNAL_STORAGE" />
31-->src\main\AndroidManifest.xml:26:5-81
31-->src\main\AndroidManifest.xml:26:22-78
32    <uses-permission android:name="android.permission.ACCESS_COARSE_LOCATION" />
32-->src\main\AndroidManifest.xml:27:5-81
32-->src\main\AndroidManifest.xml:27:22-78
33    <uses-permission android:name="android.permission.ACCESS_FINE_LOCATION" />
33-->src\main\AndroidManifest.xml:28:5-79
33-->src\main\AndroidManifest.xml:28:22-76
34    <uses-permission android:name="android.permission.GET_ACCOUNTS" />
34-->src\main\AndroidManifest.xml:29:5-71
34-->src\main\AndroidManifest.xml:29:22-68
35    <uses-permission android:name="android.permission.USE_CREDENTIALS" />
35-->src\main\AndroidManifest.xml:30:5-74
35-->src\main\AndroidManifest.xml:30:22-71
36    <uses-permission android:name="android.permission.MANAGE_ACCOUNTS" />
36-->src\main\AndroidManifest.xml:31:5-74
36-->src\main\AndroidManifest.xml:31:22-71
37    <uses-permission android:name="android.permission.AUTHENTICATE_ACCOUNTS" />
37-->src\main\AndroidManifest.xml:32:5-80
37-->src\main\AndroidManifest.xml:32:22-77
38    <uses-permission android:name="android.permission.BROADCAST_STICKY" />
38-->src\main\AndroidManifest.xml:33:5-75
38-->src\main\AndroidManifest.xml:33:22-72
39    <uses-permission android:name="android.permission.READ_EXTERNAL_STORAGE" />
39-->src\main\AndroidManifest.xml:34:5-80
39-->src\main\AndroidManifest.xml:34:22-77
40    <uses-permission android:name="android.permission.RECEIVE_BOOT_COMPLETED" />
40-->src\main\AndroidManifest.xml:35:5-81
40-->src\main\AndroidManifest.xml:35:22-78
41    <uses-permission android:name="android.permission.ACCESS_DOWNLOAD_MANAGER" />
41-->src\main\AndroidManifest.xml:36:5-82
41-->src\main\AndroidManifest.xml:36:22-79
42    <uses-permission android:name="android.permission.DOWNLOAD_WITHOUT_NOTIFICATION" />
42-->src\main\AndroidManifest.xml:37:5-88
42-->src\main\AndroidManifest.xml:37:22-85
43    <uses-permission android:name="android.permission.CHANGE_NETWORK_STATE" />
43-->src\main\AndroidManifest.xml:38:5-79
43-->src\main\AndroidManifest.xml:38:22-76
44    <uses-permission android:name="android.permission.MODIFY_AUDIO_SETTINGS" />
44-->src\main\AndroidManifest.xml:39:5-80
44-->src\main\AndroidManifest.xml:39:22-77
45    <uses-permission android:name="android.permission.READ_CONTACTS" />
45-->src\main\AndroidManifest.xml:40:5-72
45-->src\main\AndroidManifest.xml:40:22-69
46    <uses-permission android:name="android.permission.WRITE_CONTACTS" />
46-->src\main\AndroidManifest.xml:41:5-73
46-->src\main\AndroidManifest.xml:41:22-70
47    <uses-permission android:name="android.permission.CALL_PHONE" />
47-->src\main\AndroidManifest.xml:42:5-69
47-->src\main\AndroidManifest.xml:42:22-66
48    <uses-permission android:name="android.permission.RAISED_THREAD_PRIORITY" />
48-->src\main\AndroidManifest.xml:43:5-81
48-->src\main\AndroidManifest.xml:43:22-78
49    <uses-permission android:name="android.permission.SYSTEM_ALERT_WINDOW" />
49-->src\main\AndroidManifest.xml:44:5-78
49-->src\main\AndroidManifest.xml:44:22-75
50    <uses-permission android:name="android.permission.EXPAND_STATUS_BAR" />
50-->src\main\AndroidManifest.xml:45:5-76
50-->src\main\AndroidManifest.xml:45:22-73
51    <uses-permission android:name="android.permission.REQUEST_INSTALL_PACKAGES" />
51-->src\main\AndroidManifest.xml:46:5-83
51-->src\main\AndroidManifest.xml:46:22-80
52    <uses-permission android:name="android.permission.MOUNT_UNMOUNT_FILESYSTEMS" />
52-->src\main\AndroidManifest.xml:47:5-49:47
52-->src\main\AndroidManifest.xml:48:9-68
53    <uses-permission android:name="android.permission.READ_LOGS" />
53-->src\main\AndroidManifest.xml:50:5-52:47
53-->src\main\AndroidManifest.xml:51:9-52
54    <uses-permission android:name="android.permission.WRITE_SETTINGS" />
54-->src\main\AndroidManifest.xml:53:5-55:47
54-->src\main\AndroidManifest.xml:54:9-57
55    <uses-permission android:name="android.permission.DISABLE_KEYGUARD" /> <!-- 这个权限必须是applicationId开头， -->
55-->src\main\AndroidManifest.xml:56:5-75
55-->src\main\AndroidManifest.xml:56:22-72
56    <permission
57        android:name="com.ouxin.chat.permission.MIPUSH_RECEIVE"
57-->src\main\AndroidManifest.xml:58:9-59
58        android:protectionLevel="signature" />
58-->src\main\AndroidManifest.xml:59:9-44
59
60    <uses-permission android:name="com.ouxin.chat.permission.MIPUSH_RECEIVE" /> <!-- 魅族推送， -->
60-->src\main\AndroidManifest.xml:61:22-72
61    <uses-permission android:name="com.meizu.flyme.push.permission.RECEIVE" />
61-->src\main\AndroidManifest.xml:62:5-79
61-->src\main\AndroidManifest.xml:62:22-76
62
63    <permission
64        android:name="com.ouxin.chat.push.permission.MESSAGE"
64-->src\main\AndroidManifest.xml:65:9-57
65        android:protectionLevel="signature" />
65-->src\main\AndroidManifest.xml:66:9-44
66
67    <uses-permission android:name="com.ouxin.chat.push.permission.MESSAGE" />
67-->src\main\AndroidManifest.xml:68:22-70
68    <uses-permission android:name="com.meizu.c2dm.permission.RECEIVE" />
68-->src\main\AndroidManifest.xml:69:5-73
68-->src\main\AndroidManifest.xml:69:22-70
69
70    <permission
71        android:name="com.ouxin.chat.permission.C2D_MESSAGE"
71-->src\main\AndroidManifest.xml:72:9-56
72        android:protectionLevel="signature" />
72-->src\main\AndroidManifest.xml:73:9-44
73
74    <uses-permission android:name="com.ouxin.chat.permission.C2D_MESSAGE" /> <!-- OPPO 推送 -->
74-->src\main\AndroidManifest.xml:75:22-69
75    <uses-permission android:name="com.coloros.mcs.permission.RECIEVE_MCS_MESSAGE" />
75-->src\main\AndroidManifest.xml:76:5-86
75-->src\main\AndroidManifest.xml:76:22-83
76
77    <supports-screens
77-->[alipaySdk-15.5.9-20181123210601.aar] AndroidManifest.xml:11:5-16:39
78        android:anyDensity="true"
78-->[alipaySdk-15.5.9-20181123210601.aar] AndroidManifest.xml:12:9-34
79        android:largeScreens="true"
79-->[alipaySdk-15.5.9-20181123210601.aar] AndroidManifest.xml:13:9-36
80        android:normalScreens="true"
80-->[alipaySdk-15.5.9-20181123210601.aar] AndroidManifest.xml:14:9-37
81        android:resizeable="true"
81-->[alipaySdk-15.5.9-20181123210601.aar] AndroidManifest.xml:15:9-34
82        android:smallScreens="true" />
82-->[alipaySdk-15.5.9-20181123210601.aar] AndroidManifest.xml:16:9-36
83
84    <uses-feature
84-->[xjgarsdklibrary-release-9.2.1-2019-08-31.aar] AndroidManifest.xml:21:5-23:36
85        android:name="android.hardware.camera.front"
85-->[xjgarsdklibrary-release-9.2.1-2019-08-31.aar] AndroidManifest.xml:22:9-53
86        android:required="false" />
86-->[xjgarsdklibrary-release-9.2.1-2019-08-31.aar] AndroidManifest.xml:23:9-33
87    <uses-feature
87-->[xjgarsdklibrary-release-9.2.1-2019-08-31.aar] AndroidManifest.xml:24:5-26:36
88        android:name="android.hardware.camera.front.autofocus"
88-->[xjgarsdklibrary-release-9.2.1-2019-08-31.aar] AndroidManifest.xml:25:9-63
89        android:required="false" />
89-->[xjgarsdklibrary-release-9.2.1-2019-08-31.aar] AndroidManifest.xml:26:9-33
90    <uses-feature
90-->[:OpenGLlibrary] AndroidManifest.xml:21:5-23:35
91        android:glEsVersion="0x00020000"
91-->[:OpenGLlibrary] AndroidManifest.xml:22:9-41
92        android:required="true" />
92-->[:OpenGLlibrary] AndroidManifest.xml:23:9-32
93
94    <uses-permission android:name="android.permission.BLUETOOTH" />
94-->[jitsi-meet-sdk-2.4.0-4.aar] AndroidManifest.xml:10:5-68
94-->[jitsi-meet-sdk-2.4.0-4.aar] AndroidManifest.xml:10:22-65
95    <uses-permission android:name="android.permission.MANAGE_OWN_CALLS" /> <!-- Required by older versions of Google Play services to create IID tokens -->
95-->[jitsi-meet-sdk-2.4.0-4.aar] AndroidManifest.xml:13:5-75
95-->[jitsi-meet-sdk-2.4.0-4.aar] AndroidManifest.xml:13:22-72
96    <uses-permission android:name="com.google.android.c2dm.permission.RECEIVE" />
96-->[com.google.firebase:firebase-iid:18.0.0] AndroidManifest.xml:26:5-82
96-->[com.google.firebase:firebase-iid:18.0.0] AndroidManifest.xml:26:22-79
97    <uses-permission android:name="com.google.android.finsky.permission.BIND_GET_INSTALL_REFERRER_SERVICE" /> <!-- for android -->
97-->[com.google.android.gms:play-services-measurement:16.5.0] AndroidManifest.xml:26:5-110
97-->[com.google.android.gms:play-services-measurement:16.5.0] AndroidManifest.xml:26:22-107
98    <!-- <uses-permission android:name="com.android.launcher.permission.READ_SETTINGS"/> -->
99    <!-- <uses-permission android:name="com.android.launcher.permission.WRITE_SETTINGS"/> -->
100    <!-- <uses-permission android:name="com.android.launcher.permission.INSTALL_SHORTCUT" /> -->
101    <!-- <uses-permission android:name="com.android.launcher.permission.UNINSTALL_SHORTCUT" /> -->
102    <!-- for Samsung -->
103    <uses-permission android:name="com.sec.android.provider.badge.permission.READ" />
103-->[me.leolin:ShortcutBadger:1.1.22] AndroidManifest.xml:19:5-86
103-->[me.leolin:ShortcutBadger:1.1.22] AndroidManifest.xml:19:22-83
104    <uses-permission android:name="com.sec.android.provider.badge.permission.WRITE" /> <!-- for htc -->
104-->[me.leolin:ShortcutBadger:1.1.22] AndroidManifest.xml:20:5-87
104-->[me.leolin:ShortcutBadger:1.1.22] AndroidManifest.xml:20:22-84
105    <uses-permission android:name="com.htc.launcher.permission.READ_SETTINGS" />
105-->[me.leolin:ShortcutBadger:1.1.22] AndroidManifest.xml:23:5-81
105-->[me.leolin:ShortcutBadger:1.1.22] AndroidManifest.xml:23:22-78
106    <uses-permission android:name="com.htc.launcher.permission.UPDATE_SHORTCUT" /> <!-- for sony -->
106-->[me.leolin:ShortcutBadger:1.1.22] AndroidManifest.xml:24:5-83
106-->[me.leolin:ShortcutBadger:1.1.22] AndroidManifest.xml:24:22-80
107    <uses-permission android:name="com.sonyericsson.home.permission.BROADCAST_BADGE" />
107-->[me.leolin:ShortcutBadger:1.1.22] AndroidManifest.xml:27:5-88
107-->[me.leolin:ShortcutBadger:1.1.22] AndroidManifest.xml:27:22-85
108    <uses-permission android:name="com.sonymobile.home.permission.PROVIDER_INSERT_BADGE" /> <!-- for apex -->
108-->[me.leolin:ShortcutBadger:1.1.22] AndroidManifest.xml:28:5-92
108-->[me.leolin:ShortcutBadger:1.1.22] AndroidManifest.xml:28:22-89
109    <uses-permission android:name="com.anddoes.launcher.permission.UPDATE_COUNT" /> <!-- for solid -->
109-->[me.leolin:ShortcutBadger:1.1.22] AndroidManifest.xml:31:5-84
109-->[me.leolin:ShortcutBadger:1.1.22] AndroidManifest.xml:31:22-81
110    <uses-permission android:name="com.majeur.launcher.permission.UPDATE_BADGE" /> <!-- for huawei -->
110-->[me.leolin:ShortcutBadger:1.1.22] AndroidManifest.xml:34:5-83
110-->[me.leolin:ShortcutBadger:1.1.22] AndroidManifest.xml:34:22-80
111    <uses-permission android:name="com.huawei.android.launcher.permission.CHANGE_BADGE" />
111-->[me.leolin:ShortcutBadger:1.1.22] AndroidManifest.xml:37:5-91
111-->[me.leolin:ShortcutBadger:1.1.22] AndroidManifest.xml:37:22-88
112    <uses-permission android:name="com.huawei.android.launcher.permission.READ_SETTINGS" />
112-->[me.leolin:ShortcutBadger:1.1.22] AndroidManifest.xml:38:5-92
112-->[me.leolin:ShortcutBadger:1.1.22] AndroidManifest.xml:38:22-89
113    <uses-permission android:name="com.huawei.android.launcher.permission.WRITE_SETTINGS" /> <!-- for ZUK -->
113-->[me.leolin:ShortcutBadger:1.1.22] AndroidManifest.xml:39:5-93
113-->[me.leolin:ShortcutBadger:1.1.22] AndroidManifest.xml:39:22-90
114    <uses-permission android:name="android.permission.READ_APP_BADGE" /> <!-- for OPPO -->
114-->[me.leolin:ShortcutBadger:1.1.22] AndroidManifest.xml:42:5-73
114-->[me.leolin:ShortcutBadger:1.1.22] AndroidManifest.xml:42:22-70
115    <uses-permission android:name="com.oppo.launcher.permission.READ_SETTINGS" />
115-->[me.leolin:ShortcutBadger:1.1.22] AndroidManifest.xml:45:5-82
115-->[me.leolin:ShortcutBadger:1.1.22] AndroidManifest.xml:45:22-79
116    <uses-permission android:name="com.oppo.launcher.permission.WRITE_SETTINGS" /> <!-- for EvMe -->
116-->[me.leolin:ShortcutBadger:1.1.22] AndroidManifest.xml:46:5-83
116-->[me.leolin:ShortcutBadger:1.1.22] AndroidManifest.xml:46:22-80
117    <uses-permission android:name="me.everything.badger.permission.BADGE_COUNT_READ" />
117-->[me.leolin:ShortcutBadger:1.1.22] AndroidManifest.xml:49:5-88
117-->[me.leolin:ShortcutBadger:1.1.22] AndroidManifest.xml:49:22-85
118    <uses-permission android:name="me.everything.badger.permission.BADGE_COUNT_WRITE" />
118-->[me.leolin:ShortcutBadger:1.1.22] AndroidManifest.xml:50:5-89
118-->[me.leolin:ShortcutBadger:1.1.22] AndroidManifest.xml:50:22-86
119    <uses-permission android:name="android.permission.WRITE_CALENDAR" />
119-->[com.facebook.react:react-native-calendar-events:1.7.3-jitsi-2535222] AndroidManifest.xml:11:5-73
119-->[com.facebook.react:react-native-calendar-events:1.7.3-jitsi-2535222] AndroidManifest.xml:11:22-70
120    <uses-permission android:name="android.permission.READ_CALENDAR" />
120-->[com.facebook.react:react-native-calendar-events:1.7.3-jitsi-2535222] AndroidManifest.xml:12:5-72
120-->[com.facebook.react:react-native-calendar-events:1.7.3-jitsi-2535222] AndroidManifest.xml:12:22-69
121
122    <application
122-->src\main\AndroidManifest.xml:78:5-861:19
123        android:name="com.sk.weichat.MyApplication"
123-->src\main\AndroidManifest.xml:79:9-38
124        android:allowBackup="true"
124-->src\main\AndroidManifest.xml:80:9-35
125        android:appComponentFactory="androidx.core.app.CoreComponentFactory"
125-->[androidx.core:core:1.1.0] AndroidManifest.xml:24:18-86
126        android:fitsSystemWindows="true"
126-->src\main\AndroidManifest.xml:81:9-41
127        android:icon="@mipmap/icon"
127-->src\main\AndroidManifest.xml:82:9-36
128        android:label="@string/app_name"
128-->src\main\AndroidManifest.xml:83:9-41
129        android:roundIcon="@null"
129-->src\main\AndroidManifest.xml:84:9-34
130        android:supportsRtl="true"
130-->[xjgarsdklibrary-release-9.2.1-2019-08-31.aar] AndroidManifest.xml:35:9-35
131        android:theme="@style/AppTheme"
131-->src\main\AndroidManifest.xml:85:9-40
132        android:usesCleartextTraffic="true" >
132-->src\main\AndroidManifest.xml:86:9-44
133        <activity android:name="com.sk.weichat.ui.tool.WebGameActivity" />
133-->src\main\AndroidManifest.xml:89:9-60
133-->src\main\AndroidManifest.xml:89:19-58
134        <activity android:name="com.sk.weichat.call.game.GameActivity" />
134-->src\main\AndroidManifest.xml:90:9-60
134-->src\main\AndroidManifest.xml:90:19-57
135        <activity android:name="com.sk.weichat.ui.me.OfficialActivity" />
135-->src\main\AndroidManifest.xml:91:9-60
135-->src\main\AndroidManifest.xml:91:19-57
136        <activity
136-->src\main\AndroidManifest.xml:92:9-95:59
137            android:name="com.sk.weichat.pay.new_ui.PaymentOrReceiptActivity"
137-->src\main\AndroidManifest.xml:93:13-64
138            android:label="@string/title_activity_payment_new_ui"
138-->src\main\AndroidManifest.xml:94:13-66
139            android:theme="@style/AppTheme.NoActionBar" />
139-->src\main\AndroidManifest.xml:95:13-56
140        <activity android:name="com.sk.weichat.ui.contacts.label.LabelActivityNewUI" />
140-->src\main\AndroidManifest.xml:96:9-74
140-->src\main\AndroidManifest.xml:96:19-71
141        <activity android:name="com.sk.weichat.ui.me.DescriptionActivity" />
141-->src\main\AndroidManifest.xml:97:9-63
141-->src\main\AndroidManifest.xml:97:19-60
142        <activity android:name="com.sk.weichat.ui.backup.ReceiveChatHistoryActivity" />
142-->src\main\AndroidManifest.xml:98:9-74
142-->src\main\AndroidManifest.xml:98:19-71
143        <activity android:name="com.sk.weichat.ui.circle.range.SelectCoverActivity" />
143-->src\main\AndroidManifest.xml:99:9-73
143-->src\main\AndroidManifest.xml:99:19-70
144        <activity android:name="com.sk.weichat.ui.search.SearchSingleTypeActivity" />
144-->src\main\AndroidManifest.xml:100:9-72
144-->src\main\AndroidManifest.xml:100:19-69
145        <activity
145-->src\main\AndroidManifest.xml:101:9-103:71
146            android:name="com.sk.weichat.ui.search.SearchAllActivity"
146-->src\main\AndroidManifest.xml:102:13-56
147            android:windowSoftInputMode="stateVisible|adjustResize" />
147-->src\main\AndroidManifest.xml:103:13-68
148        <activity android:name="com.sk.weichat.ui.other.LifeCircleSettingsActivity" />
148-->src\main\AndroidManifest.xml:104:9-73
148-->src\main\AndroidManifest.xml:104:19-70
149        <activity
149-->src\main\AndroidManifest.xml:105:9-107:51
150            android:name="com.sk.weichat.ui.backup.SendChatHistoryActivity"
150-->src\main\AndroidManifest.xml:106:13-62
151            android:launchMode="singleInstance" />
151-->src\main\AndroidManifest.xml:107:13-48
152        <activity android:name="com.sk.weichat.ui.backup.SelectChatActivity" />
152-->src\main\AndroidManifest.xml:108:9-66
152-->src\main\AndroidManifest.xml:108:19-63
153        <activity android:name="com.sk.weichat.ui.backup.BackupHistoryActivity" />
153-->src\main\AndroidManifest.xml:109:9-69
153-->src\main\AndroidManifest.xml:109:19-66
154        <activity
154-->src\main\AndroidManifest.xml:110:9-112:46
155            android:name="com.sk.weichat.ui.other.PrivacyAgreeActivity"
155-->src\main\AndroidManifest.xml:111:13-58
156            android:launchMode="singleTop" />
156-->src\main\AndroidManifest.xml:112:13-43
157        <activity android:name="com.sk.weichat.ui.login.AuthLoginActivity" />
157-->src\main\AndroidManifest.xml:113:9-64
157-->src\main\AndroidManifest.xml:113:19-61
158        <activity android:name="com.sk.weichat.ui.login.H5LoginActivity" />
158-->src\main\AndroidManifest.xml:114:9-62
158-->src\main\AndroidManifest.xml:114:19-59
159        <activity
159-->src\main\AndroidManifest.xml:115:9-129:20
160            android:name="com.sk.weichat.ui.login.H5LoginProxyActivity"
160-->src\main\AndroidManifest.xml:116:13-58
161            android:theme="@style/SplashTheme" >
161-->src\main\AndroidManifest.xml:117:13-47
162            <intent-filter>
162-->src\main\AndroidManifest.xml:118:13-128:29
163                <action android:name="android.intent.action.VIEW" />
163-->src\main\AndroidManifest.xml:119:17-69
163-->src\main\AndroidManifest.xml:119:25-66
164
165                <category android:name="android.intent.category.DEFAULT" />
165-->src\main\AndroidManifest.xml:121:17-76
165-->src\main\AndroidManifest.xml:121:27-73
166                <category android:name="android.intent.category.BROWSABLE" />
166-->src\main\AndroidManifest.xml:122:17-78
166-->src\main\AndroidManifest.xml:122:27-75
167
168                <data
169                    android:host="com.ouxin.chat"
169-->src\main\AndroidManifest.xml:125:21-45
170                    android:path="/H5login"
170-->src\main\AndroidManifest.xml:126:21-44
171                    android:scheme="sk" />
171-->src\main\AndroidManifest.xml:127:21-40
172            </intent-filter>
173        </activity>
174        <activity
174-->src\main\AndroidManifest.xml:130:9-144:20
175            android:name="com.sk.weichat.ui.notification.NotificationProxyActivity"
175-->src\main\AndroidManifest.xml:131:13-70
176            android:theme="@style/SplashTheme" >
176-->src\main\AndroidManifest.xml:132:13-47
177            <intent-filter>
177-->src\main\AndroidManifest.xml:133:13-143:29
178                <action android:name="android.intent.action.VIEW" />
178-->src\main\AndroidManifest.xml:119:17-69
178-->src\main\AndroidManifest.xml:119:25-66
179
180                <category android:name="android.intent.category.DEFAULT" />
180-->src\main\AndroidManifest.xml:121:17-76
180-->src\main\AndroidManifest.xml:121:27-73
181                <category android:name="android.intent.category.BROWSABLE" />
181-->src\main\AndroidManifest.xml:122:17-78
181-->src\main\AndroidManifest.xml:122:27-75
182
183                <data
184                    android:host="com.ouxin.chat"
184-->src\main\AndroidManifest.xml:125:21-45
185                    android:path="/notification"
185-->src\main\AndroidManifest.xml:126:21-44
186                    android:scheme="sk" />
186-->src\main\AndroidManifest.xml:127:21-40
187            </intent-filter>
188        </activity>
189        <activity android:name="com.sk.weichat.ui.account.ChangePasswordActivity" />
189-->src\main\AndroidManifest.xml:145:9-71
189-->src\main\AndroidManifest.xml:145:19-68
190        <activity android:name="com.sk.weichat.ui.me.PrivacyWhitelistActivity" />
190-->src\main\AndroidManifest.xml:146:9-68
190-->src\main\AndroidManifest.xml:146:19-65
191        <activity android:name="com.sk.weichat.ui.groupchat.FaceToFaceGroup" />
191-->src\main\AndroidManifest.xml:147:9-66
191-->src\main\AndroidManifest.xml:147:19-63
192        <activity android:name="com.sk.weichat.ui.groupchat.RoomSearchResultActivity" />
192-->src\main\AndroidManifest.xml:148:9-75
192-->src\main\AndroidManifest.xml:148:19-72
193        <activity android:name="com.sk.weichat.ui.groupchat.RoomSearchActivity" /> <!-- 启动页面 -->
193-->src\main\AndroidManifest.xml:149:9-69
193-->src\main\AndroidManifest.xml:149:19-66
194        <activity
194-->src\main\AndroidManifest.xml:150:9-160:20
195            android:name="com.sk.weichat.ui.SplashActivity"
195-->src\main\AndroidManifest.xml:151:13-46
196            android:hardwareAccelerated="true"
196-->src\main\AndroidManifest.xml:152:13-47
197            android:launchMode="singleTask"
197-->src\main\AndroidManifest.xml:153:13-44
198            android:theme="@style/SplashTheme" >
198-->src\main\AndroidManifest.xml:154:13-47
199            <intent-filter>
199-->src\main\AndroidManifest.xml:155:13-159:29
200                <action android:name="android.intent.action.MAIN" />
200-->src\main\AndroidManifest.xml:156:17-69
200-->src\main\AndroidManifest.xml:156:25-66
201
202                <category android:name="android.intent.category.LAUNCHER" />
202-->src\main\AndroidManifest.xml:158:17-77
202-->src\main\AndroidManifest.xml:158:27-74
203            </intent-filter>
204        </activity>
205        <activity android:name="com.sk.im.audio.VoiceRecordActivity" />
205-->src\main\AndroidManifest.xml:161:9-72
205-->src\main\AndroidManifest.xml:161:19-69
206        <activity android:name="com.sk.im.audio.VoiceRecordActivity2" />
206-->src\main\AndroidManifest.xml:162:9-73
206-->src\main\AndroidManifest.xml:162:19-70
207        <activity android:name="com.sk.weichat.course.CourseDateilsActivity" />
207-->src\main\AndroidManifest.xml:163:9-66
207-->src\main\AndroidManifest.xml:163:19-63
208        <activity android:name="com.sk.weichat.course.LocalCourseActivity" />
208-->src\main\AndroidManifest.xml:164:9-64
208-->src\main\AndroidManifest.xml:164:19-61
209        <activity android:name="com.sk.weichat.course.SelectFriendsActivity" />
209-->src\main\AndroidManifest.xml:165:9-66
209-->src\main\AndroidManifest.xml:165:19-63
210        <activity android:name="com.sk.weichat.course.SelectNewContactsActivity" />
210-->src\main\AndroidManifest.xml:166:9-70
210-->src\main\AndroidManifest.xml:166:19-67
211        <activity android:name="com.sk.weichat.course.SelectNewGroupActivity" />
211-->src\main\AndroidManifest.xml:167:9-67
211-->src\main\AndroidManifest.xml:167:19-64
212        <activity
212-->src\main\AndroidManifest.xml:168:9-170:55
213            android:name="com.sk.weichat.ui.account.RegisterActivity"
213-->src\main\AndroidManifest.xml:169:13-56
214            android:windowSoftInputMode="adjustPan" />
214-->src\main\AndroidManifest.xml:170:13-52
215        <activity
215-->src\main\AndroidManifest.xml:171:9-173:55
216            android:name="com.sk.weichat.ui.account.RegisterUserBasicInfoActivity"
216-->src\main\AndroidManifest.xml:172:13-69
217            android:windowSoftInputMode="adjustPan" />
217-->src\main\AndroidManifest.xml:173:13-52
218        <activity
218-->src\main\AndroidManifest.xml:174:9-176:55
219            android:name="com.sk.weichat.ui.account.LoginActivity"
219-->src\main\AndroidManifest.xml:175:13-53
220            android:windowSoftInputMode="adjustPan" />
220-->src\main\AndroidManifest.xml:176:13-52
221        <activity
221-->src\main\AndroidManifest.xml:177:9-179:55
222            android:name="com.sk.weichat.ui.account.LoginHistoryActivity"
222-->src\main\AndroidManifest.xml:178:13-60
223            android:windowSoftInputMode="adjustPan" />
223-->src\main\AndroidManifest.xml:179:13-52
224        <activity android:name="com.sk.weichat.ui.account.DataDownloadActivity" />
224-->src\main\AndroidManifest.xml:180:9-69
224-->src\main\AndroidManifest.xml:180:19-66
225        <activity
225-->src\main\AndroidManifest.xml:181:9-183:57
226            android:name="com.sk.weichat.ui.account.SelectPrefixActivity"
226-->src\main\AndroidManifest.xml:182:13-60
227            android:windowSoftInputMode="stateHidden" />
227-->src\main\AndroidManifest.xml:183:13-54
228        <activity android:name="com.sk.weichat.ui.account.AuthCodeActivity" />
228-->src\main\AndroidManifest.xml:184:9-65
228-->src\main\AndroidManifest.xml:184:19-62
229        <activity
229-->src\main\AndroidManifest.xml:185:9-187:55
230            android:name="com.sk.weichat.ui.account.FindPwdActivity"
230-->src\main\AndroidManifest.xml:186:13-55
231            android:windowSoftInputMode="adjustPan" />
231-->src\main\AndroidManifest.xml:187:13-52
232        <activity android:name="com.sk.weichat.ui.circle.range.AtSeeCircleActivity" />
232-->src\main\AndroidManifest.xml:188:9-73
232-->src\main\AndroidManifest.xml:188:19-70
233        <activity android:name="com.sk.weichat.ui.circle.range.NewZanActivity" />
233-->src\main\AndroidManifest.xml:189:9-68
233-->src\main\AndroidManifest.xml:189:19-65
234        <activity android:name="com.sk.weichat.ui.circle.range.SeeCircleActivity" />
234-->src\main\AndroidManifest.xml:190:9-71
234-->src\main\AndroidManifest.xml:190:19-68
235        <activity
235-->src\main\AndroidManifest.xml:191:9-193:75
236            android:name="com.sk.weichat.ui.circle.range.SendShuoshuoActivity"
236-->src\main\AndroidManifest.xml:192:13-65
237            android:windowSoftInputMode="stateHidden|stateAlwaysHidden" />
237-->src\main\AndroidManifest.xml:193:13-72
238        <activity
238-->src\main\AndroidManifest.xml:194:9-196:75
239            android:name="com.sk.weichat.ui.circle.range.SendAudioActivity"
239-->src\main\AndroidManifest.xml:195:13-62
240            android:windowSoftInputMode="stateHidden|stateAlwaysHidden" />
240-->src\main\AndroidManifest.xml:196:13-72
241        <activity
241-->src\main\AndroidManifest.xml:197:9-199:75
242            android:name="com.sk.weichat.ui.circle.range.SendVideoActivity"
242-->src\main\AndroidManifest.xml:198:13-62
243            android:windowSoftInputMode="stateHidden|stateAlwaysHidden" />
243-->src\main\AndroidManifest.xml:199:13-72